[   225.770] 
X.Org X Server 1.21.1.3
X Protocol Version 11, Revision 0
[   225.773] Current Operating System: Linux sakura 5.17.8-zen1-1-zen #1 ZEN SMP PREEMPT Mon, 16 May 2022 20:45:30 +0000 x86_64
[   225.773] Kernel command line: initrd=\intel-ucode.img initrd=\initramfs-linux-zen.img root="LABEL=ARCH_LINUX" rw quiet
[   225.776]  
[   225.777] Current version of pixman: 0.40.0
[   225.779] 	Before reporting problems, check http://wiki.x.org
	to make sure that you have the latest version.
[   225.779] Markers: (--) probed, (**) from config file, (==) default setting,
	(++) from command line, (!!) notice, (II) informational,
	(WW) warning, (EE) error, (NI) not implemented, (??) unknown.
[   225.786] (==) Log file: "/var/log/Xorg.0.log", Time: Wed May 18 12:03:27 2022
[   225.788] (==) Using config directory: "/etc/X11/xorg.conf.d"
[   225.789] (==) Using system config directory "/usr/share/X11/xorg.conf.d"
[   225.790] (==) No Layout section.  Using the first Screen section.
[   225.790] (==) No screen section available. Using defaults.
[   225.790] (**) |-->Screen "Default Screen Section" (0)
[   225.790] (**) |   |-->Monitor "<default monitor>"
[   225.790] (==) No monitor specified for screen "Default Screen Section".
	Using a default monitor configuration.
[   225.790] (==) Automatically adding devices
[   225.790] (==) Automatically enabling devices
[   225.790] (==) Automatically adding GPU devices
[   225.790] (==) Automatically binding GPU devices
[   225.790] (==) Max clients allowed: 256, resource mask: 0x1fffff
[   225.790] (WW) The directory "/usr/share/fonts/misc" does not exist.
[   225.790] 	Entry deleted from font path.
[   225.791] (WW) `fonts.dir' not found (or not valid) in "/usr/share/fonts/TTF".
[   225.791] 	Entry deleted from font path.
[   225.791] 	(Run 'mkfontdir' on "/usr/share/fonts/TTF").
[   225.791] (WW) The directory "/usr/share/fonts/OTF" does not exist.
[   225.791] 	Entry deleted from font path.
[   225.791] (WW) The directory "/usr/share/fonts/Type1" does not exist.
[   225.791] 	Entry deleted from font path.
[   225.791] (WW) The directory "/usr/share/fonts/100dpi" does not exist.
[   225.791] 	Entry deleted from font path.
[   225.791] (WW) The directory "/usr/share/fonts/75dpi" does not exist.
[   225.791] 	Entry deleted from font path.
[   225.791] (==) FontPath set to:
	
[   225.791] (==) ModulePath set to "/usr/lib/xorg/modules"
[   225.791] (II) The server relies on udev to provide the list of input devices.
	If no devices become available, reconfigure udev or disable AutoAddDevices.
[   225.791] (II) Module ABI versions:
[   225.791] 	X.Org ANSI C Emulation: 0.4
[   225.791] 	X.Org Video Driver: 25.2
[   225.791] 	X.Org XInput driver : 24.4
[   225.791] 	X.Org Server Extension : 10.0
[   225.791] (++) using VT number 2

[   225.792] (II) systemd-logind: took control of session /org/freedesktop/login1/session/_31
[   225.792] (II) xfree86: Adding drm device (/dev/dri/card0)
[   225.792] (II) Platform probe for /sys/devices/pci0000:00/0000:00:01.0/0000:01:00.0/drm/card0
[   225.792] (II) systemd-logind: got fd for /dev/dri/card0 226:0 fd 11 paused 0
[   225.793] (**) OutputClass "nvidia" ModulePath extended to "/usr/lib/nvidia/xorg,/usr/lib/xorg/modules,/usr/lib/xorg/modules"
[   225.793] (--) PCI:*(1@0:0:0) 10de:13c2:1043:8508 rev 161, Mem @ 0xf6000000/16777216, 0xe0000000/268435456, 0xf0000000/33554432, I/O @ 0x0000e000/128, BIOS @ 0x????????/131072
[   225.793] (WW) Open ACPI failed (/var/run/acpid.socket) (No such file or directory)
[   225.793] (II) LoadModule: "glx"
[   225.794] (II) Loading /usr/lib/xorg/modules/extensions/libglx.so
[   225.798] (II) Module glx: vendor="X.Org Foundation"
[   225.798] 	compiled for 1.21.1.3, module version = 1.0.0
[   225.798] 	ABI class: X.Org Server Extension, version 10.0
[   225.798] (II) Applying OutputClass "nvidia" to /dev/dri/card0
[   225.798] 	loading driver: nvidia
[   225.798] (==) Matched nvidia as autoconfigured driver 0
[   225.798] (==) Matched nouveau as autoconfigured driver 1
[   225.798] (==) Matched nv as autoconfigured driver 2
[   225.798] (==) Matched modesetting as autoconfigured driver 3
[   225.798] (==) Matched fbdev as autoconfigured driver 4
[   225.798] (==) Matched vesa as autoconfigured driver 5
[   225.798] (==) Assigned the driver to the xf86ConfigLayout
[   225.798] (II) LoadModule: "nvidia"
[   225.798] (II) Loading /usr/lib/xorg/modules/drivers/nvidia_drv.so
[   225.802] (II) Module nvidia: vendor="NVIDIA Corporation"
[   225.802] 	compiled for 1.6.99.901, module version = 1.0.0
[   225.802] 	Module class: X.Org Video Driver
[   225.803] (II) LoadModule: "nouveau"
[   225.804] (WW) Warning, couldn't open module nouveau
[   225.804] (EE) Failed to load module "nouveau" (module does not exist, 0)
[   225.804] (II) LoadModule: "nv"
[   225.804] (WW) Warning, couldn't open module nv
[   225.804] (EE) Failed to load module "nv" (module does not exist, 0)
[   225.804] (II) LoadModule: "modesetting"
[   225.804] (II) Loading /usr/lib/xorg/modules/drivers/modesetting_drv.so
[   225.805] (II) Module modesetting: vendor="X.Org Foundation"
[   225.805] 	compiled for 1.21.1.3, module version = 1.21.1
[   225.805] 	Module class: X.Org Video Driver
[   225.805] 	ABI class: X.Org Video Driver, version 25.2
[   225.805] (II) LoadModule: "fbdev"
[   225.805] (WW) Warning, couldn't open module fbdev
[   225.805] (EE) Failed to load module "fbdev" (module does not exist, 0)
[   225.805] (II) LoadModule: "vesa"
[   225.805] (WW) Warning, couldn't open module vesa
[   225.805] (EE) Failed to load module "vesa" (module does not exist, 0)
[   225.805] (II) NVIDIA dlloader X Driver  515.43.04  Tue Apr 26 15:53:32 UTC 2022
[   225.805] (II) NVIDIA Unified Driver for all Supported NVIDIA GPUs
[   225.805] (II) modesetting: Driver for Modesetting Kernel Drivers: kms
[   225.805] (II) systemd-logind: releasing fd for 226:0
[   225.806] (II) Loading sub module "fb"
[   225.806] (II) LoadModule: "fb"
[   225.806] (II) Module "fb" already built-in
[   225.806] (II) Loading sub module "wfb"
[   225.806] (II) LoadModule: "wfb"
[   225.806] (II) Loading /usr/lib/xorg/modules/libwfb.so
[   225.807] (II) Module wfb: vendor="X.Org Foundation"
[   225.807] 	compiled for 1.21.1.3, module version = 1.0.0
[   225.807] 	ABI class: X.Org ANSI C Emulation, version 0.4
[   225.807] (II) Loading sub module "ramdac"
[   225.807] (II) LoadModule: "ramdac"
[   225.807] (II) Module "ramdac" already built-in
[   225.808] (WW) Falling back to old probe method for modesetting
[   225.808] (II) NVIDIA(0): Creating default Display subsection in Screen section
	"Default Screen Section" for depth/fbbpp 24/32
[   225.808] (==) NVIDIA(0): Depth 24, (==) framebuffer bpp 32
[   225.808] (==) NVIDIA(0): RGB weight 888
[   225.808] (==) NVIDIA(0): Default visual is TrueColor
[   225.808] (==) NVIDIA(0): Using gamma correction (1.0, 1.0, 1.0)
[   225.808] (II) Applying OutputClass "nvidia" options to /dev/dri/card0
[   225.808] (**) NVIDIA(0): Option "AllowEmptyInitialConfiguration"
[   225.808] (**) NVIDIA(0): Enabling 2D acceleration
[   225.808] (II) Loading sub module "glxserver_nvidia"
[   225.809] (II) LoadModule: "glxserver_nvidia"
[   225.809] (II) Loading /usr/lib/nvidia/xorg/libglxserver_nvidia.so
[   225.849] (II) Module glxserver_nvidia: vendor="NVIDIA Corporation"
[   225.849] 	compiled for 1.6.99.901, module version = 1.0.0
[   225.849] 	Module class: X.Org Server Extension
[   225.849] (II) NVIDIA GLX Module  515.43.04  Tue Apr 26 15:47:27 UTC 2022
[   225.850] (II) NVIDIA: The X server supports PRIME Render Offload.
[   226.646] (--) NVIDIA(0): Valid display device(s) on GPU-0 at PCI:1:0:0
[   226.646] (--) NVIDIA(0):     CRT-0
[   226.646] (--) NVIDIA(0):     DFP-0 (boot)
[   226.646] (--) NVIDIA(0):     DFP-1
[   226.646] (--) NVIDIA(0):     DFP-2
[   226.646] (--) NVIDIA(0):     DFP-3
[   226.646] (--) NVIDIA(0):     DFP-4
[   226.647] (II) NVIDIA(0): NVIDIA GPU NVIDIA GeForce GTX 970 (GM204-A) at PCI:1:0:0
[   226.647] (II) NVIDIA(0):     (GPU-0)
[   226.647] (--) NVIDIA(0): Memory: 4194304 kBytes
[   226.647] (--) NVIDIA(0): VideoBIOS: 84.04.1f.00.2b
[   226.647] (II) NVIDIA(0): Detected PCI Express Link width: 16X
[   226.692] (--) NVIDIA(GPU-0): CRT-0: disconnected
[   226.692] (--) NVIDIA(GPU-0): CRT-0: 400.0 MHz maximum pixel clock
[   226.692] (--) NVIDIA(GPU-0): 
[   226.785] (--) NVIDIA(GPU-0): Acer SB220Q (DFP-0): connected
[   226.785] (--) NVIDIA(GPU-0): Acer SB220Q (DFP-0): Internal TMDS
[   226.785] (--) NVIDIA(GPU-0): Acer SB220Q (DFP-0): 600.0 MHz maximum pixel clock
[   226.785] (--) NVIDIA(GPU-0): 
[   226.785] (--) NVIDIA(GPU-0): DFP-1: disconnected
[   226.785] (--) NVIDIA(GPU-0): DFP-1: Internal TMDS
[   226.785] (--) NVIDIA(GPU-0): DFP-1: 165.0 MHz maximum pixel clock
[   226.785] (--) NVIDIA(GPU-0): 
[   226.785] (--) NVIDIA(GPU-0): DFP-2: disconnected
[   226.785] (--) NVIDIA(GPU-0): DFP-2: Internal DisplayPort
[   226.785] (--) NVIDIA(GPU-0): DFP-2: 960.0 MHz maximum pixel clock
[   226.785] (--) NVIDIA(GPU-0): 
[   226.785] (--) NVIDIA(GPU-0): DFP-3: disconnected
[   226.785] (--) NVIDIA(GPU-0): DFP-3: Internal TMDS
[   226.785] (--) NVIDIA(GPU-0): DFP-3: 165.0 MHz maximum pixel clock
[   226.785] (--) NVIDIA(GPU-0): 
[   226.785] (--) NVIDIA(GPU-0): DFP-4: disconnected
[   226.785] (--) NVIDIA(GPU-0): DFP-4: Internal TMDS
[   226.785] (--) NVIDIA(GPU-0): DFP-4: 330.0 MHz maximum pixel clock
[   226.785] (--) NVIDIA(GPU-0): 
[   226.787] (==) NVIDIA(0): 
[   226.787] (==) NVIDIA(0): No modes were requested; the default mode "nvidia-auto-select"
[   226.787] (==) NVIDIA(0):     will be used as the requested mode.
[   226.787] (==) NVIDIA(0): 
[   226.787] (II) NVIDIA(0): Validated MetaModes:
[   226.787] (II) NVIDIA(0):     "DFP-0:nvidia-auto-select"
[   226.787] (II) NVIDIA(0): Virtual screen size determined to be 1920 x 1080
[   226.791] (--) NVIDIA(0): DPI set to (101, 101); computed from "UseEdidDpi" X config
[   226.791] (--) NVIDIA(0):     option
[   226.791] (II) UnloadModule: "modesetting"
[   226.791] (II) Unloading modesetting
[   226.791] (II) NVIDIA: Reserving 6144.00 MB of virtual memory for indirect memory
[   226.791] (II) NVIDIA:     access.
[   226.793] (II) NVIDIA(0): ACPI: failed to connect to the ACPI event daemon; the daemon
[   226.793] (II) NVIDIA(0):     may not be running or the "AcpidSocketPath" X
[   226.793] (II) NVIDIA(0):     configuration option may not be set correctly.  When the
[   226.793] (II) NVIDIA(0):     ACPI event daemon is available, the NVIDIA X driver will
[   226.793] (II) NVIDIA(0):     try to use it to receive ACPI event notifications.  For
[   226.793] (II) NVIDIA(0):     details, please see the "ConnectToAcpid" and
[   226.793] (II) NVIDIA(0):     "AcpidSocketPath" X configuration options in Appendix B: X
[   226.793] (II) NVIDIA(0):     Config Options in the README.
[   226.810] (II) NVIDIA(0): Setting mode "DFP-0:nvidia-auto-select"
[   226.872] (==) NVIDIA(0): Disabling shared memory pixmaps
[   226.872] (==) NVIDIA(0): Backing store enabled
[   226.872] (==) NVIDIA(0): Silken mouse enabled
[   226.872] (==) NVIDIA(0): DPMS enabled
[   226.872] (II) Loading sub module "dri2"
[   226.872] (II) LoadModule: "dri2"
[   226.873] (II) Module "dri2" already built-in
[   226.873] (II) NVIDIA(0): [DRI2] Setup complete
[   226.873] (II) NVIDIA(0): [DRI2]   VDPAU driver: nvidia
[   226.873] (II) Initializing extension Generic Event Extension
[   226.873] (II) Initializing extension SHAPE
[   226.873] (II) Initializing extension MIT-SHM
[   226.873] (II) Initializing extension XInputExtension
[   226.873] (II) Initializing extension XTEST
[   226.873] (II) Initializing extension BIG-REQUESTS
[   226.873] (II) Initializing extension SYNC
[   226.873] (II) Initializing extension XKEYBOARD
[   226.874] (II) Initializing extension XC-MISC
[   226.874] (II) Initializing extension SECURITY
[   226.874] (II) Initializing extension XFIXES
[   226.874] (II) Initializing extension RENDER
[   226.874] (II) Initializing extension RANDR
[   226.874] (II) Initializing extension COMPOSITE
[   226.874] (II) Initializing extension DAMAGE
[   226.874] (II) Initializing extension MIT-SCREEN-SAVER
[   226.874] (II) Initializing extension DOUBLE-BUFFER
[   226.874] (II) Initializing extension RECORD
[   226.874] (II) Initializing extension DPMS
[   226.874] (II) Initializing extension Present
[   226.874] (II) Initializing extension DRI3
[   226.875] (II) Initializing extension X-Resource
[   226.875] (II) Initializing extension XVideo
[   226.875] (II) Initializing extension XVideo-MotionCompensation
[   226.875] (II) Initializing extension GLX
[   226.875] (II) Initializing extension GLX
[   226.875] (II) Indirect GLX disabled.
[   226.875] (II) GLX: Another vendor is already registered for screen 0
[   226.875] (II) Initializing extension XFree86-VidModeExtension
[   226.875] (II) Initializing extension XFree86-DGA
[   226.875] (II) Initializing extension XFree86-DRI
[   226.875] (II) Initializing extension DRI2
[   226.875] (II) Initializing extension NV-GLX
[   226.875] (II) Initializing extension NV-CONTROL
[   226.875] (II) Initializing extension XINERAMA
[   226.921] (II) config/udev: Adding input device Power Button (/dev/input/event1)
[   226.921] (**) Power Button: Applying InputClass "libinput keyboard catchall"
[   226.921] (II) LoadModule: "libinput"
[   226.921] (II) Loading /usr/lib/xorg/modules/input/libinput_drv.so
[   226.923] (II) Module libinput: vendor="X.Org Foundation"
[   226.923] 	compiled for 1.21.1.3, module version = 1.2.1
[   226.923] 	Module class: X.Org XInput Driver
[   226.923] 	ABI class: X.Org XInput driver, version 24.4
[   226.923] (II) Using input driver 'libinput' for 'Power Button'
[   226.923] (II) systemd-logind: got fd for /dev/input/event1 13:65 fd 39 paused 0
[   226.923] (**) Power Button: always reports core events
[   226.923] (**) Option "Device" "/dev/input/event1"
[   226.929] (II) event1  - Power Button: is tagged by udev as: Keyboard
[   226.929] (II) event1  - Power Button: device is a keyboard
[   226.930] (II) event1  - Power Button: device removed
[   226.930] (**) Option "config_info" "udev:/sys/devices/LNXSYSTM:00/LNXPWRBN:00/input/input1/event1"
[   226.930] (II) XINPUT: Adding extended input device "Power Button" (type: KEYBOARD, id 6)
[   226.930] (II) event1  - Power Button: is tagged by udev as: Keyboard
[   226.930] (II) event1  - Power Button: device is a keyboard
[   226.930] (II) config/udev: Adding input device Power Button (/dev/input/event0)
[   226.930] (**) Power Button: Applying InputClass "libinput keyboard catchall"
[   226.930] (II) Using input driver 'libinput' for 'Power Button'
[   226.931] (II) systemd-logind: got fd for /dev/input/event0 13:64 fd 42 paused 0
[   226.931] (**) Power Button: always reports core events
[   226.931] (**) Option "Device" "/dev/input/event0"
[   226.931] (II) event0  - Power Button: is tagged by udev as: Keyboard
[   226.931] (II) event0  - Power Button: device is a keyboard
[   226.931] (II) event0  - Power Button: device removed
[   226.931] (**) Option "config_info" "udev:/sys/devices/LNXSYSTM:00/LNXSYBUS:00/PNP0C0C:00/input/input0/event0"
[   226.931] (II) XINPUT: Adding extended input device "Power Button" (type: KEYBOARD, id 7)
[   226.932] (II) event0  - Power Button: is tagged by udev as: Keyboard
[   226.932] (II) event0  - Power Button: device is a keyboard
[   226.933] (II) config/udev: Adding input device HDA NVidia HDMI/DP,pcm=3 (/dev/input/event9)
[   226.933] (II) No input driver specified, ignoring this device.
[   226.933] (II) This device may have been added with another device file.
[   226.933] (II) config/udev: Adding input device HDA NVidia HDMI/DP,pcm=7 (/dev/input/event10)
[   226.933] (II) No input driver specified, ignoring this device.
[   226.933] (II) This device may have been added with another device file.
[   226.933] (II) config/udev: Adding input device HDA NVidia HDMI/DP,pcm=8 (/dev/input/event11)
[   226.933] (II) No input driver specified, ignoring this device.
[   226.933] (II) This device may have been added with another device file.
[   226.933] (II) config/udev: Adding input device HDA NVidia HDMI/DP,pcm=9 (/dev/input/event12)
[   226.933] (II) No input driver specified, ignoring this device.
[   226.933] (II) This device may have been added with another device file.
[   226.933] (II) config/udev: Adding input device HDA NVidia HDMI/DP,pcm=10 (/dev/input/event13)
[   226.933] (II) No input driver specified, ignoring this device.
[   226.933] (II) This device may have been added with another device file.
[   226.934] (II) config/udev: Adding input device HDA NVidia HDMI/DP,pcm=11 (/dev/input/event14)
[   226.934] (II) No input driver specified, ignoring this device.
[   226.934] (II) This device may have been added with another device file.
[   226.934] (II) config/udev: Adding input device HDA NVidia HDMI/DP,pcm=12 (/dev/input/event15)
[   226.934] (II) No input driver specified, ignoring this device.
[   226.934] (II) This device may have been added with another device file.
[   226.934] (II) config/udev: Adding input device KP Republic BM60 RGB POKER (/dev/input/event5)
[   226.934] (**) KP Republic BM60 RGB POKER: Applying InputClass "libinput keyboard catchall"
[   226.934] (II) Using input driver 'libinput' for 'KP Republic BM60 RGB POKER'
[   226.935] (II) systemd-logind: got fd for /dev/input/event5 13:69 fd 43 paused 0
[   226.935] (**) KP Republic BM60 RGB POKER: always reports core events
[   226.935] (**) Option "Device" "/dev/input/event5"
[   226.936] (II) event5  - KP Republic BM60 RGB POKER: is tagged by udev as: Keyboard
[   226.936] (II) event5  - KP Republic BM60 RGB POKER: device is a keyboard
[   226.936] (II) event5  - KP Republic BM60 RGB POKER: device removed
[   226.936] (**) Option "config_info" "udev:/sys/devices/pci0000:00/0000:00:14.0/usb3/3-13/3-13:1.0/0003:4B50:EF8D.0003/input/input7/event5"
[   226.936] (II) XINPUT: Adding extended input device "KP Republic BM60 RGB POKER" (type: KEYBOARD, id 8)
[   226.937] (II) event5  - KP Republic BM60 RGB POKER: is tagged by udev as: Keyboard
[   226.937] (II) event5  - KP Republic BM60 RGB POKER: device is a keyboard
[   226.937] (II) config/udev: Adding input device KP Republic BM60 RGB POKER Consumer Control (/dev/input/event8)
[   226.937] (**) KP Republic BM60 RGB POKER Consumer Control: Applying InputClass "libinput keyboard catchall"
[   226.937] (II) Using input driver 'libinput' for 'KP Republic BM60 RGB POKER Consumer Control'
[   226.938] (II) systemd-logind: got fd for /dev/input/event8 13:72 fd 44 paused 0
[   226.938] (**) KP Republic BM60 RGB POKER Consumer Control: always reports core events
[   226.938] (**) Option "Device" "/dev/input/event8"
[   226.939] (II) event8  - KP Republic BM60 RGB POKER Consumer Control: is tagged by udev as: Keyboard
[   226.939] (II) event8  - KP Republic BM60 RGB POKER Consumer Control: device is a keyboard
[   226.939] (II) event8  - KP Republic BM60 RGB POKER Consumer Control: device removed
[   226.939] (II) libinput: KP Republic BM60 RGB POKER Consumer Control: needs a virtual subdevice
[   226.939] (**) Option "config_info" "udev:/sys/devices/pci0000:00/0000:00:14.0/usb3/3-13/3-13:1.1/0003:4B50:EF8D.0004/input/input10/event8"
[   226.939] (II) XINPUT: Adding extended input device "KP Republic BM60 RGB POKER Consumer Control" (type: MOUSE, id 9)
[   226.939] (**) Option "AccelerationScheme" "none"
[   226.939] (**) KP Republic BM60 RGB POKER Consumer Control: (accel) selected scheme none/0
[   226.939] (**) KP Republic BM60 RGB POKER Consumer Control: (accel) acceleration factor: 2.000
[   226.939] (**) KP Republic BM60 RGB POKER Consumer Control: (accel) acceleration threshold: 4
[   226.940] (II) event8  - KP Republic BM60 RGB POKER Consumer Control: is tagged by udev as: Keyboard
[   226.940] (II) event8  - KP Republic BM60 RGB POKER Consumer Control: device is a keyboard
[   226.940] (II) config/udev: Adding input device KP Republic BM60 RGB POKER Mouse (/dev/input/event6)
[   226.940] (**) KP Republic BM60 RGB POKER Mouse: Applying InputClass "libinput pointer catchall"
[   226.940] (**) KP Republic BM60 RGB POKER Mouse: Applying InputClass "My Mouse"
[   226.940] (II) Using input driver 'libinput' for 'KP Republic BM60 RGB POKER Mouse'
[   226.941] (II) systemd-logind: got fd for /dev/input/event6 13:70 fd 45 paused 0
[   226.941] (**) KP Republic BM60 RGB POKER Mouse: always reports core events
[   226.941] (**) Option "Device" "/dev/input/event6"
[   226.941] (II) event6  - KP Republic BM60 RGB POKER Mouse: is tagged by udev as: Mouse
[   226.941] (II) event6  - KP Republic BM60 RGB POKER Mouse: device is a pointer
[   226.942] (II) event6  - KP Republic BM60 RGB POKER Mouse: device removed
[   226.942] (**) Option "AccelSpeed" "-1"
[   226.942] (**) Option "config_info" "udev:/sys/devices/pci0000:00/0000:00:14.0/usb3/3-13/3-13:1.1/0003:4B50:EF8D.0004/input/input8/event6"
[   226.942] (II) XINPUT: Adding extended input device "KP Republic BM60 RGB POKER Mouse" (type: MOUSE, id 10)
[   226.942] (**) Option "AccelerationScheme" "none"
[   226.942] (**) KP Republic BM60 RGB POKER Mouse: (accel) selected scheme none/0
[   226.942] (**) KP Republic BM60 RGB POKER Mouse: (accel) acceleration factor: 2.000
[   226.942] (**) KP Republic BM60 RGB POKER Mouse: (accel) acceleration threshold: 4
[   226.942] (II) event6  - KP Republic BM60 RGB POKER Mouse: is tagged by udev as: Mouse
[   226.943] (II) event6  - KP Republic BM60 RGB POKER Mouse: device is a pointer
[   226.943] (II) config/udev: Adding input device KP Republic BM60 RGB POKER Mouse (/dev/input/mouse1)
[   226.943] (**) KP Republic BM60 RGB POKER Mouse: Applying InputClass "My Mouse"
[   226.943] (II) No input driver specified, ignoring this device.
[   226.943] (II) This device may have been added with another device file.
[   226.944] (II) config/udev: Adding input device KP Republic BM60 RGB POKER System Control (/dev/input/event7)
[   226.944] (**) KP Republic BM60 RGB POKER System Control: Applying InputClass "libinput keyboard catchall"
[   226.944] (II) Using input driver 'libinput' for 'KP Republic BM60 RGB POKER System Control'
[   226.944] (II) systemd-logind: got fd for /dev/input/event7 13:71 fd 46 paused 0
[   226.944] (**) KP Republic BM60 RGB POKER System Control: always reports core events
[   226.944] (**) Option "Device" "/dev/input/event7"
[   226.945] (II) event7  - KP Republic BM60 RGB POKER System Control: is tagged by udev as: Keyboard
[   226.945] (II) event7  - KP Republic BM60 RGB POKER System Control: device is a keyboard
[   226.945] (II) event7  - KP Republic BM60 RGB POKER System Control: device removed
[   226.945] (**) Option "config_info" "udev:/sys/devices/pci0000:00/0000:00:14.0/usb3/3-13/3-13:1.1/0003:4B50:EF8D.0004/input/input9/event7"
[   226.945] (II) XINPUT: Adding extended input device "KP Republic BM60 RGB POKER System Control" (type: KEYBOARD, id 11)
[   226.946] (II) event7  - KP Republic BM60 RGB POKER System Control: is tagged by udev as: Keyboard
[   226.946] (II) event7  - KP Republic BM60 RGB POKER System Control: device is a keyboard
[   226.946] (II) config/udev: Adding input device Logitech G403 Prodigy Gaming Mouse (/dev/input/event3)
[   226.946] (**) Logitech G403 Prodigy Gaming Mouse: Applying InputClass "libinput pointer catchall"
[   226.946] (**) Logitech G403 Prodigy Gaming Mouse: Applying InputClass "My Mouse"
[   226.946] (II) Using input driver 'libinput' for 'Logitech G403 Prodigy Gaming Mouse'
[   226.999] (II) systemd-logind: got fd for /dev/input/event3 13:67 fd 47 paused 0
[   226.999] (**) Logitech G403 Prodigy Gaming Mouse: always reports core events
[   226.999] (**) Option "Device" "/dev/input/event3"
[   227.000] (II) event3  - Logitech G403 Prodigy Gaming Mouse: is tagged by udev as: Mouse
[   227.000] (II) event3  - Logitech G403 Prodigy Gaming Mouse: device set to 800 DPI
[   227.000] (II) event3  - Logitech G403 Prodigy Gaming Mouse: device is a pointer
[   227.000] (II) event3  - Logitech G403 Prodigy Gaming Mouse: device removed
[   227.000] (**) Option "AccelSpeed" "-1"
[   227.000] (**) Option "config_info" "udev:/sys/devices/pci0000:00/0000:00:14.0/usb3/3-6/3-6:1.0/0003:046D:C083.0001/input/input3/event3"
[   227.000] (II) XINPUT: Adding extended input device "Logitech G403 Prodigy Gaming Mouse" (type: MOUSE, id 12)
[   227.000] (**) Option "AccelerationScheme" "none"
[   227.000] (**) Logitech G403 Prodigy Gaming Mouse: (accel) selected scheme none/0
[   227.000] (**) Logitech G403 Prodigy Gaming Mouse: (accel) acceleration factor: 2.000
[   227.000] (**) Logitech G403 Prodigy Gaming Mouse: (accel) acceleration threshold: 4
[   227.001] (II) event3  - Logitech G403 Prodigy Gaming Mouse: is tagged by udev as: Mouse
[   227.001] (II) event3  - Logitech G403 Prodigy Gaming Mouse: device set to 800 DPI
[   227.001] (II) event3  - Logitech G403 Prodigy Gaming Mouse: device is a pointer
[   227.001] (II) config/udev: Adding input device Logitech G403 Prodigy Gaming Mouse (/dev/input/mouse0)
[   227.001] (**) Logitech G403 Prodigy Gaming Mouse: Applying InputClass "My Mouse"
[   227.001] (II) No input driver specified, ignoring this device.
[   227.001] (II) This device may have been added with another device file.
[   227.002] (II) config/udev: Adding input device Logitech G403 Prodigy Gaming Mouse Keyboard (/dev/input/event4)
[   227.002] (**) Logitech G403 Prodigy Gaming Mouse Keyboard: Applying InputClass "libinput keyboard catchall"
[   227.002] (II) Using input driver 'libinput' for 'Logitech G403 Prodigy Gaming Mouse Keyboard'
[   227.002] (II) systemd-logind: got fd for /dev/input/event4 13:68 fd 48 paused 0
[   227.002] (**) Logitech G403 Prodigy Gaming Mouse Keyboard: always reports core events
[   227.002] (**) Option "Device" "/dev/input/event4"
[   227.003] (II) event4  - Logitech G403 Prodigy Gaming Mouse Keyboard: is tagged by udev as: Keyboard
[   227.003] (II) event4  - Logitech G403 Prodigy Gaming Mouse Keyboard: device is a keyboard
[   227.003] (II) event4  - Logitech G403 Prodigy Gaming Mouse Keyboard: device removed
[   227.003] (II) libinput: Logitech G403 Prodigy Gaming Mouse Keyboard: needs a virtual subdevice
[   227.003] (**) Option "config_info" "udev:/sys/devices/pci0000:00/0000:00:14.0/usb3/3-6/3-6:1.1/0003:046D:C083.0002/input/input4/event4"
[   227.003] (II) XINPUT: Adding extended input device "Logitech G403 Prodigy Gaming Mouse Keyboard" (type: MOUSE, id 13)
[   227.003] (**) Option "AccelerationScheme" "none"
[   227.003] (**) Logitech G403 Prodigy Gaming Mouse Keyboard: (accel) selected scheme none/0
[   227.003] (**) Logitech G403 Prodigy Gaming Mouse Keyboard: (accel) acceleration factor: 2.000
[   227.003] (**) Logitech G403 Prodigy Gaming Mouse Keyboard: (accel) acceleration threshold: 4
[   227.004] (II) event4  - Logitech G403 Prodigy Gaming Mouse Keyboard: is tagged by udev as: Keyboard
[   227.004] (II) event4  - Logitech G403 Prodigy Gaming Mouse Keyboard: device is a keyboard
[   227.005] (II) config/udev: Adding input device HDA Intel PCH Front Mic (/dev/input/event16)
[   227.005] (II) No input driver specified, ignoring this device.
[   227.005] (II) This device may have been added with another device file.
[   227.005] (II) config/udev: Adding input device HDA Intel PCH Rear Mic (/dev/input/event17)
[   227.005] (II) No input driver specified, ignoring this device.
[   227.005] (II) This device may have been added with another device file.
[   227.005] (II) config/udev: Adding input device HDA Intel PCH Line (/dev/input/event18)
[   227.005] (II) No input driver specified, ignoring this device.
[   227.005] (II) This device may have been added with another device file.
[   227.005] (II) config/udev: Adding input device HDA Intel PCH Line Out (/dev/input/event19)
[   227.005] (II) No input driver specified, ignoring this device.
[   227.005] (II) This device may have been added with another device file.
[   227.005] (II) config/udev: Adding input device HDA Intel PCH Front Headphone (/dev/input/event20)
[   227.005] (II) No input driver specified, ignoring this device.
[   227.005] (II) This device may have been added with another device file.
[   227.006] (II) config/udev: Adding input device Eee PC WMI hotkeys (/dev/input/event21)
[   227.006] (**) Eee PC WMI hotkeys: Applying InputClass "libinput keyboard catchall"
[   227.006] (II) Using input driver 'libinput' for 'Eee PC WMI hotkeys'
[   227.006] (II) systemd-logind: got fd for /dev/input/event21 13:85 fd 49 paused 0
[   227.006] (**) Eee PC WMI hotkeys: always reports core events
[   227.006] (**) Option "Device" "/dev/input/event21"
[   227.007] (II) event21 - Eee PC WMI hotkeys: is tagged by udev as: Keyboard
[   227.007] (II) event21 - Eee PC WMI hotkeys: device is a keyboard
[   227.007] (II) event21 - Eee PC WMI hotkeys: device removed
[   227.007] (**) Option "config_info" "udev:/sys/devices/platform/eeepc-wmi/input/input23/event21"
[   227.007] (II) XINPUT: Adding extended input device "Eee PC WMI hotkeys" (type: KEYBOARD, id 14)
[   227.007] (II) event21 - Eee PC WMI hotkeys: is tagged by udev as: Keyboard
[   227.007] (II) event21 - Eee PC WMI hotkeys: device is a keyboard
[   227.008] (II) config/udev: Adding input device PC Speaker (/dev/input/event2)
[   227.008] (II) No input driver specified, ignoring this device.
[   227.008] (II) This device may have been added with another device file.
[   227.011] (**) KP Republic BM60 RGB POKER Consumer Control: Applying InputClass "libinput keyboard catchall"
[   227.011] (II) Using input driver 'libinput' for 'KP Republic BM60 RGB POKER Consumer Control'
[   227.011] (II) systemd-logind: returning pre-existing fd for /dev/input/event8 13:72
[   227.011] (**) KP Republic BM60 RGB POKER Consumer Control: always reports core events
[   227.011] (**) Option "Device" "/dev/input/event8"
[   227.011] (II) libinput: KP Republic BM60 RGB POKER Consumer Control: is a virtual subdevice
[   227.011] (**) Option "config_info" "udev:/sys/devices/pci0000:00/0000:00:14.0/usb3/3-13/3-13:1.1/0003:4B50:EF8D.0004/input/input10/event8"
[   227.011] (II) XINPUT: Adding extended input device "KP Republic BM60 RGB POKER Consumer Control" (type: KEYBOARD, id 15)
[   227.011] (**) Logitech G403 Prodigy Gaming Mouse Keyboard: Applying InputClass "libinput keyboard catchall"
[   227.011] (II) Using input driver 'libinput' for 'Logitech G403 Prodigy Gaming Mouse Keyboard'
[   227.011] (II) systemd-logind: returning pre-existing fd for /dev/input/event4 13:68
[   227.011] (**) Logitech G403 Prodigy Gaming Mouse Keyboard: always reports core events
[   227.011] (**) Option "Device" "/dev/input/event4"
[   227.011] (II) libinput: Logitech G403 Prodigy Gaming Mouse Keyboard: is a virtual subdevice
[   227.011] (**) Option "config_info" "udev:/sys/devices/pci0000:00/0000:00:14.0/usb3/3-6/3-6:1.1/0003:046D:C083.0002/input/input4/event4"
[   227.011] (II) XINPUT: Adding extended input device "Logitech G403 Prodigy Gaming Mouse Keyboard" (type: KEYBOARD, id 16)
[   227.019] (**) Option "fd" "39"
[   227.019] (II) event1  - Power Button: device removed
[   227.019] (**) Option "fd" "42"
[   227.019] (II) event0  - Power Button: device removed
[   227.019] (**) Option "fd" "43"
[   227.019] (II) event5  - KP Republic BM60 RGB POKER: device removed
[   227.019] (**) Option "fd" "44"
[   227.019] (**) Option "fd" "45"
[   227.019] (II) event6  - KP Republic BM60 RGB POKER Mouse: device removed
[   227.019] (**) Option "fd" "46"
[   227.019] (II) event7  - KP Republic BM60 RGB POKER System Control: device removed
[   227.019] (**) Option "fd" "47"
[   227.019] (II) event3  - Logitech G403 Prodigy Gaming Mouse: device removed
[   227.019] (**) Option "fd" "48"
[   227.019] (**) Option "fd" "49"
[   227.019] (II) event21 - Eee PC WMI hotkeys: device removed
[   227.019] (**) Option "fd" "44"
[   227.019] (II) event8  - KP Republic BM60 RGB POKER Consumer Control: device removed
[   227.019] (**) Option "fd" "48"
[   227.019] (II) event4  - Logitech G403 Prodigy Gaming Mouse Keyboard: device removed
[   227.023] (II) UnloadModule: "libinput"
[   227.023] (II) systemd-logind: not releasing fd for 13:68, still in use
[   227.023] (II) UnloadModule: "libinput"
[   227.023] (II) systemd-logind: not releasing fd for 13:72, still in use
[   227.023] (II) UnloadModule: "libinput"
[   227.023] (II) systemd-logind: releasing fd for 13:85
[   227.034] (II) UnloadModule: "libinput"
[   227.034] (II) systemd-logind: releasing fd for 13:68
[   227.034] (II) UnloadModule: "libinput"
[   227.034] (II) systemd-logind: releasing fd for 13:67
[   227.042] (II) UnloadModule: "libinput"
[   227.042] (II) systemd-logind: releasing fd for 13:71
[   227.042] (II) UnloadModule: "libinput"
[   227.042] (II) systemd-logind: releasing fd for 13:70
[   227.049] (II) UnloadModule: "libinput"
[   227.049] (II) systemd-logind: releasing fd for 13:72
[   227.049] (II) UnloadModule: "libinput"
[   227.049] (II) systemd-logind: releasing fd for 13:69
[   227.049] (II) UnloadModule: "libinput"
[   227.049] (II) systemd-logind: releasing fd for 13:64
[   227.050] (II) UnloadModule: "libinput"
[   227.050] (II) systemd-logind: releasing fd for 13:65
[   227.248] (II) NVIDIA(GPU-0): Deleting GPU-0
[   227.250] (II) Server terminated successfully (0). Closing log file.
